{"/Users/brianbehm/CascadeProjects/randomizer/scripts/grammarInventory.js": {"path":"/Users/brianbehm/CascadeProjects/randomizer/scripts/grammarInventory.js","all":false,"statementMap":{"0":{"start":{"line":1,"column":0},"end":{"line":1,"column":19}},"1":{"start":{"line":2,"column":0},"end":{"line":2,"column":2}},"2":{"start":{"line":3,"column":0},"end":{"line":3,"column":27}},"3":{"start":{"line":4,"column":0},"end":{"line":4,"column":27}},"4":{"start":{"line":5,"column":0},"end":{"line":5,"column":77}},"5":{"start":{"line":6,"column":0},"end":{"line":6,"column":74}},"6":{"start":{"line":7,"column":0},"end":{"line":7,"column":2}},"7":{"start":{"line":8,"column":0},"end":{"line":8,"column":58}},"8":{"start":{"line":9,"column":0},"end":{"line":9,"column":2}},"9":{"start":{"line":10,"column":0},"end":{"line":10,"column":66}},"10":{"start":{"line":11,"column":0},"end":{"line":11,"column":4}},"11":{"start":{"line":12,"column":0},"end":{"line":12,"column":45}},"12":{"start":{"line":13,"column":0},"end":{"line":13,"column":25}},"13":{"start":{"line":14,"column":0},"end":{"line":14,"column":4}},"14":{"start":{"line":15,"column":0},"end":{"line":15,"column":3}},"20":{"start":{"line":21,"column":0},"end":{"line":21,"column":65}},"22":{"start":{"line":23,"column":0},"end":{"line":23,"column":57}},"23":{"start":{"line":24,"column":0},"end":{"line":24,"column":50}},"24":{"start":{"line":25,"column":0},"end":{"line":25,"column":63}},"25":{"start":{"line":26,"column":0},"end":{"line":26,"column":32}},"26":{"start":{"line":27,"column":0},"end":{"line":27,"column":44}},"27":{"start":{"line":28,"column":0},"end":{"line":28,"column":30}},"28":{"start":{"line":29,"column":0},"end":{"line":29,"column":35}},"29":{"start":{"line":30,"column":0},"end":{"line":30,"column":64}},"30":{"start":{"line":31,"column":0},"end":{"line":31,"column":22}},"31":{"start":{"line":32,"column":0},"end":{"line":32,"column":5}},"32":{"start":{"line":33,"column":0},"end":{"line":33,"column":3}},"33":{"start":{"line":34,"column":0},"end":{"line":34,"column":14}},"34":{"start":{"line":35,"column":0},"end":{"line":35,"column":1}},"36":{"start":{"line":37,"column":0},"end":{"line":37,"column":36}},"37":{"start":{"line":38,"column":0},"end":{"line":38,"column":7}},"38":{"start":{"line":39,"column":0},"end":{"line":39,"column":50}},"39":{"start":{"line":40,"column":0},"end":{"line":40,"column":27}},"40":{"start":{"line":41,"column":0},"end":{"line":41,"column":17}},"41":{"start":{"line":42,"column":0},"end":{"line":42,"column":74}},"42":{"start":{"line":43,"column":0},"end":{"line":43,"column":16}},"43":{"start":{"line":44,"column":0},"end":{"line":44,"column":3}},"44":{"start":{"line":45,"column":0},"end":{"line":45,"column":1}},"46":{"start":{"line":47,"column":0},"end":{"line":47,"column":58}},"47":{"start":{"line":48,"column":0},"end":{"line":48,"column":86}},"48":{"start":{"line":49,"column":0},"end":{"line":49,"column":91}},"49":{"start":{"line":50,"column":0},"end":{"line":50,"column":76}},"50":{"start":{"line":51,"column":0},"end":{"line":51,"column":64}},"51":{"start":{"line":52,"column":0},"end":{"line":52,"column":1}},"53":{"start":{"line":54,"column":0},"end":{"line":54,"column":24}},"54":{"start":{"line":55,"column":0},"end":{"line":55,"column":39}},"55":{"start":{"line":56,"column":0},"end":{"line":56,"column":52}},"56":{"start":{"line":57,"column":0},"end":{"line":57,"column":20}},"57":{"start":{"line":58,"column":0},"end":{"line":58,"column":3}},"59":{"start":{"line":60,"column":0},"end":{"line":60,"column":49}},"60":{"start":{"line":61,"column":0},"end":{"line":61,"column":27}},"61":{"start":{"line":62,"column":0},"end":{"line":62,"column":52}},"62":{"start":{"line":63,"column":0},"end":{"line":63,"column":20}},"63":{"start":{"line":64,"column":0},"end":{"line":64,"column":3}},"65":{"start":{"line":66,"column":0},"end":{"line":66,"column":26}},"66":{"start":{"line":67,"column":0},"end":{"line":67,"column":62}},"67":{"start":{"line":68,"column":0},"end":{"line":68,"column":62}},"69":{"start":{"line":70,"column":0},"end":{"line":70,"column":29}},"70":{"start":{"line":71,"column":0},"end":{"line":71,"column":32}},"71":{"start":{"line":72,"column":0},"end":{"line":72,"column":24}},"72":{"start":{"line":73,"column":0},"end":{"line":73,"column":50}},"73":{"start":{"line":74,"column":0},"end":{"line":74,"column":60}},"74":{"start":{"line":75,"column":0},"end":{"line":75,"column":71}},"75":{"start":{"line":76,"column":0},"end":{"line":76,"column":3}},"76":{"start":{"line":77,"column":0},"end":{"line":77,"column":1}},"78":{"start":{"line":79,"column":0},"end":{"line":79,"column":93}},"79":{"start":{"line":80,"column":0},"end":{"line":80,"column":35}},"80":{"start":{"line":81,"column":0},"end":{"line":81,"column":9}},"81":{"start":{"line":82,"column":0},"end":{"line":82,"column":1}}},"s":{"0":1,"1":1,"2":1,"3":1,"4":1,"5":1,"6":1,"7":1,"8":1,"9":1,"10":1,"11":1,"12":1,"13":1,"14":1,"20":1,"22":1,"23":1,"24":8,"25":8,"26":70,"27":70,"28":6,"29":70,"30":62,"31":62,"32":70,"33":8,"34":8,"36":1,"37":61,"38":61,"39":61,"40":61,"41":1,"42":1,"43":1,"44":61,"46":1,"47":61,"48":61,"49":61,"50":61,"51":61,"53":1,"54":1,"55":0,"56":0,"57":0,"59":1,"60":1,"61":0,"62":0,"63":0,"65":1,"66":1,"67":1,"69":1,"70":60,"71":60,"72":60,"73":60,"74":60,"75":60,"76":1,"78":1,"79":1,"80":1,"81":1},"branchMap":{"0":{"type":"branch","line":24,"loc":{"start":{"line":24,"column":7},"end":{"line":35,"column":1}},"locations":[{"start":{"line":24,"column":7},"end":{"line":35,"column":1}}]},"1":{"type":"branch","line":26,"loc":{"start":{"line":26,"column":31},"end":{"line":33,"column":3}},"locations":[{"start":{"line":26,"column":31},"end":{"line":33,"column":3}}]},"2":{"type":"branch","line":28,"loc":{"start":{"line":28,"column":29},"end":{"line":30,"column":5}},"locations":[{"start":{"line":28,"column":29},"end":{"line":30,"column":5}}]},"3":{"type":"branch","line":30,"loc":{"start":{"line":30,"column":5},"end":{"line":32,"column":5}},"locations":[{"start":{"line":30,"column":5},"end":{"line":32,"column":5}}]},"4":{"type":"branch","line":30,"loc":{"start":{"line":30,"column":63},"end":{"line":32,"column":5}},"locations":[{"start":{"line":30,"column":63},"end":{"line":32,"column":5}}]},"5":{"type":"branch","line":37,"loc":{"start":{"line":37,"column":7},"end":{"line":45,"column":1}},"locations":[{"start":{"line":37,"column":7},"end":{"line":45,"column":1}}]},"6":{"type":"branch","line":41,"loc":{"start":{"line":41,"column":4},"end":{"line":44,"column":3}},"locations":[{"start":{"line":41,"column":4},"end":{"line":44,"column":3}}]},"7":{"type":"branch","line":47,"loc":{"start":{"line":47,"column":7},"end":{"line":52,"column":1}},"locations":[{"start":{"line":47,"column":7},"end":{"line":52,"column":1}}]},"8":{"type":"branch","line":48,"loc":{"start":{"line":48,"column":44},"end":{"line":48,"column":80}},"locations":[{"start":{"line":48,"column":44},"end":{"line":48,"column":80}}]},"9":{"type":"branch","line":48,"loc":{"start":{"line":48,"column":81},"end":{"line":48,"column":85}},"locations":[{"start":{"line":48,"column":81},"end":{"line":48,"column":85}}]},"10":{"type":"branch","line":49,"loc":{"start":{"line":49,"column":47},"end":{"line":49,"column":85}},"locations":[{"start":{"line":49,"column":47},"end":{"line":49,"column":85}}]},"11":{"type":"branch","line":49,"loc":{"start":{"line":49,"column":86},"end":{"line":49,"column":90}},"locations":[{"start":{"line":49,"column":86},"end":{"line":49,"column":90}}]},"12":{"type":"branch","line":54,"loc":{"start":{"line":54,"column":7},"end":{"line":77,"column":1}},"locations":[{"start":{"line":54,"column":7},"end":{"line":77,"column":1}}]},"13":{"type":"branch","line":55,"loc":{"start":{"line":55,"column":38},"end":{"line":58,"column":3}},"locations":[{"start":{"line":55,"column":38},"end":{"line":58,"column":3}}]},"14":{"type":"branch","line":61,"loc":{"start":{"line":61,"column":26},"end":{"line":64,"column":3}},"locations":[{"start":{"line":61,"column":26},"end":{"line":64,"column":3}}]},"15":{"type":"branch","line":70,"loc":{"start":{"line":70,"column":28},"end":{"line":76,"column":3}},"locations":[{"start":{"line":70,"column":28},"end":{"line":76,"column":3}}]},"16":{"type":"branch","line":72,"loc":{"start":{"line":72,"column":15},"end":{"line":72,"column":24}},"locations":[{"start":{"line":72,"column":15},"end":{"line":72,"column":24}}]},"17":{"type":"branch","line":74,"loc":{"start":{"line":74,"column":30},"end":{"line":74,"column":36}},"locations":[{"start":{"line":74,"column":30},"end":{"line":74,"column":36}}]},"18":{"type":"branch","line":74,"loc":{"start":{"line":74,"column":37},"end":{"line":74,"column":59}},"locations":[{"start":{"line":74,"column":37},"end":{"line":74,"column":59}}]}},"b":{"0":[8],"1":[70],"2":[6],"3":[64],"4":[62],"5":[61],"6":[1],"7":[61],"8":[7],"9":[54],"10":[7],"11":[54],"12":[1],"13":[0],"14":[0],"15":[60],"16":[0],"17":[6],"18":[54]},"fnMap":{"0":{"name":"collectJsonFiles","decl":{"start":{"line":24,"column":7},"end":{"line":35,"column":1}},"loc":{"start":{"line":24,"column":7},"end":{"line":35,"column":1}},"line":24},"1":{"name":"loadJson","decl":{"start":{"line":37,"column":7},"end":{"line":45,"column":1}},"loc":{"start":{"line":37,"column":7},"end":{"line":45,"column":1}},"line":37},"2":{"name":"extractPromptVisibleRules","decl":{"start":{"line":47,"column":7},"end":{"line":52,"column":1}},"loc":{"start":{"line":47,"column":7},"end":{"line":52,"column":1}},"line":47},"3":{"name":"main","decl":{"start":{"line":54,"column":7},"end":{"line":77,"column":1}},"loc":{"start":{"line":54,"column":7},"end":{"line":77,"column":1}},"line":54}},"f":{"0":8,"1":61,"2":61,"3":1}}
,"/Users/brianbehm/CascadeProjects/randomizer/src/services/generatorLoader.js": {"path":"/Users/brianbehm/CascadeProjects/randomizer/src/services/generatorLoader.js","all":false,"statementMap":{"0":{"start":{"line":1,"column":0},"end":{"line":1,"column":98}},"1":{"start":{"line":2,"column":0},"end":{"line":2,"column":98}},"2":{"start":{"line":3,"column":0},"end":{"line":3,"column":41}},"3":{"start":{"line":4,"column":0},"end":{"line":4,"column":92}},"5":{"start":{"line":6,"column":0},"end":{"line":6,"column":3}},"6":{"start":{"line":7,"column":0},"end":{"line":7,"column":83}},"7":{"start":{"line":8,"column":0},"end":{"line":8,"column":55}},"8":{"start":{"line":9,"column":0},"end":{"line":9,"column":80}},"9":{"start":{"line":10,"column":0},"end":{"line":10,"column":121}},"10":{"start":{"line":11,"column":0},"end":{"line":11,"column":58}},"11":{"start":{"line":12,"column":0},"end":{"line":12,"column":3}},"12":{"start":{"line":13,"column":0},"end":{"line":13,"column":3}},"13":{"start":{"line":14,"column":0},"end":{"line":14,"column":88}},"14":{"start":{"line":15,"column":0},"end":{"line":15,"column":89}},"15":{"start":{"line":16,"column":0},"end":{"line":16,"column":79}},"16":{"start":{"line":17,"column":0},"end":{"line":17,"column":68}},"17":{"start":{"line":18,"column":0},"end":{"line":18,"column":3}},"18":{"start":{"line":19,"column":0},"end":{"line":19,"column":82}},"19":{"start":{"line":20,"column":0},"end":{"line":20,"column":29}},"20":{"start":{"line":21,"column":0},"end":{"line":21,"column":80}},"21":{"start":{"line":22,"column":0},"end":{"line":22,"column":81}},"22":{"start":{"line":23,"column":0},"end":{"line":23,"column":13}},"23":{"start":{"line":24,"column":0},"end":{"line":24,"column":98}},"24":{"start":{"line":25,"column":0},"end":{"line":25,"column":67}},"25":{"start":{"line":26,"column":0},"end":{"line":26,"column":46}},"26":{"start":{"line":27,"column":0},"end":{"line":27,"column":37}},"27":{"start":{"line":28,"column":0},"end":{"line":28,"column":59}},"28":{"start":{"line":29,"column":0},"end":{"line":29,"column":51}},"29":{"start":{"line":30,"column":0},"end":{"line":30,"column":80}},"30":{"start":{"line":31,"column":0},"end":{"line":31,"column":61}},"31":{"start":{"line":32,"column":0},"end":{"line":32,"column":61}},"32":{"start":{"line":33,"column":0},"end":{"line":33,"column":25}},"33":{"start":{"line":34,"column":0},"end":{"line":34,"column":1}},"35":{"start":{"line":36,"column":0},"end":{"line":36,"column":71}},"36":{"start":{"line":37,"column":0},"end":{"line":37,"column":75}},"37":{"start":{"line":38,"column":0},"end":{"line":38,"column":61}},"38":{"start":{"line":39,"column":0},"end":{"line":39,"column":76}},"39":{"start":{"line":40,"column":0},"end":{"line":40,"column":28}},"40":{"start":{"line":41,"column":0},"end":{"line":41,"column":24}},"41":{"start":{"line":42,"column":0},"end":{"line":42,"column":43}},"42":{"start":{"line":43,"column":0},"end":{"line":43,"column":34}},"43":{"start":{"line":44,"column":0},"end":{"line":44,"column":35}},"45":{"start":{"line":46,"column":0},"end":{"line":46,"column":62}},"46":{"start":{"line":47,"column":0},"end":{"line":47,"column":10}},"47":{"start":{"line":48,"column":0},"end":{"line":48,"column":78}},"48":{"start":{"line":49,"column":0},"end":{"line":49,"column":69}},"49":{"start":{"line":50,"column":0},"end":{"line":50,"column":9}},"50":{"start":{"line":51,"column":0},"end":{"line":51,"column":36}},"51":{"start":{"line":52,"column":0},"end":{"line":52,"column":36}},"52":{"start":{"line":53,"column":0},"end":{"line":53,"column":66}},"53":{"start":{"line":54,"column":0},"end":{"line":54,"column":34}},"54":{"start":{"line":55,"column":0},"end":{"line":55,"column":65}},"56":{"start":{"line":57,"column":0},"end":{"line":57,"column":13}},"57":{"start":{"line":58,"column":0},"end":{"line":58,"column":48}},"58":{"start":{"line":59,"column":0},"end":{"line":59,"column":100}},"59":{"start":{"line":60,"column":0},"end":{"line":60,"column":49}},"60":{"start":{"line":61,"column":0},"end":{"line":61,"column":41}},"61":{"start":{"line":62,"column":0},"end":{"line":62,"column":92}},"62":{"start":{"line":63,"column":0},"end":{"line":63,"column":39}},"63":{"start":{"line":64,"column":0},"end":{"line":64,"column":38}},"64":{"start":{"line":65,"column":0},"end":{"line":65,"column":16}},"65":{"start":{"line":66,"column":0},"end":{"line":66,"column":21}},"66":{"start":{"line":67,"column":0},"end":{"line":67,"column":11}},"67":{"start":{"line":68,"column":0},"end":{"line":68,"column":35}},"68":{"start":{"line":69,"column":0},"end":{"line":69,"column":97}},"70":{"start":{"line":71,"column":0},"end":{"line":71,"column":58}},"71":{"start":{"line":72,"column":0},"end":{"line":72,"column":55}},"72":{"start":{"line":73,"column":0},"end":{"line":73,"column":81}},"73":{"start":{"line":74,"column":0},"end":{"line":74,"column":18}},"74":{"start":{"line":75,"column":0},"end":{"line":75,"column":74}},"75":{"start":{"line":76,"column":0},"end":{"line":76,"column":11}},"76":{"start":{"line":77,"column":0},"end":{"line":77,"column":97}},"77":{"start":{"line":78,"column":0},"end":{"line":78,"column":21}},"78":{"start":{"line":79,"column":0},"end":{"line":79,"column":106}},"79":{"start":{"line":80,"column":0},"end":{"line":80,"column":74}},"80":{"start":{"line":81,"column":0},"end":{"line":81,"column":74}},"81":{"start":{"line":82,"column":0},"end":{"line":82,"column":59}},"82":{"start":{"line":83,"column":0},"end":{"line":83,"column":9}},"83":{"start":{"line":84,"column":0},"end":{"line":84,"column":14}},"84":{"start":{"line":85,"column":0},"end":{"line":85,"column":81}},"85":{"start":{"line":86,"column":0},"end":{"line":86,"column":116}},"86":{"start":{"line":87,"column":0},"end":{"line":87,"column":73}},"87":{"start":{"line":88,"column":0},"end":{"line":88,"column":68}},"88":{"start":{"line":89,"column":0},"end":{"line":89,"column":7}},"89":{"start":{"line":90,"column":0},"end":{"line":90,"column":5}},"90":{"start":{"line":91,"column":0},"end":{"line":91,"column":20}},"91":{"start":{"line":92,"column":0},"end":{"line":92,"column":3}},"93":{"start":{"line":94,"column":0},"end":{"line":94,"column":41}},"94":{"start":{"line":95,"column":0},"end":{"line":95,"column":49}},"95":{"start":{"line":96,"column":0},"end":{"line":96,"column":65}},"96":{"start":{"line":97,"column":0},"end":{"line":97,"column":58}},"97":{"start":{"line":98,"column":0},"end":{"line":98,"column":26}},"98":{"start":{"line":99,"column":0},"end":{"line":99,"column":57}},"99":{"start":{"line":100,"column":0},"end":{"line":100,"column":11}},"100":{"start":{"line":101,"column":0},"end":{"line":101,"column":46}},"101":{"start":{"line":102,"column":0},"end":{"line":102,"column":79}},"102":{"start":{"line":103,"column":0},"end":{"line":103,"column":47}},"103":{"start":{"line":104,"column":0},"end":{"line":104,"column":35}},"104":{"start":{"line":105,"column":0},"end":{"line":105,"column":39}},"105":{"start":{"line":106,"column":0},"end":{"line":106,"column":90}},"106":{"start":{"line":107,"column":0},"end":{"line":107,"column":64}},"107":{"start":{"line":108,"column":0},"end":{"line":108,"column":9}},"108":{"start":{"line":109,"column":0},"end":{"line":109,"column":33}},"109":{"start":{"line":110,"column":0},"end":{"line":110,"column":88}},"110":{"start":{"line":111,"column":0},"end":{"line":111,"column":74}},"111":{"start":{"line":112,"column":0},"end":{"line":112,"column":25}},"112":{"start":{"line":113,"column":0},"end":{"line":113,"column":48}},"113":{"start":{"line":114,"column":0},"end":{"line":114,"column":58}},"114":{"start":{"line":115,"column":0},"end":{"line":115,"column":64}},"115":{"start":{"line":116,"column":0},"end":{"line":116,"column":11}},"116":{"start":{"line":117,"column":0},"end":{"line":117,"column":60}},"117":{"start":{"line":118,"column":0},"end":{"line":118,"column":9}},"118":{"start":{"line":119,"column":0},"end":{"line":119,"column":32}},"119":{"start":{"line":120,"column":0},"end":{"line":120,"column":19}},"120":{"start":{"line":121,"column":0},"end":{"line":121,"column":66}},"121":{"start":{"line":122,"column":0},"end":{"line":122,"column":76}},"122":{"start":{"line":123,"column":0},"end":{"line":123,"column":7}},"123":{"start":{"line":124,"column":0},"end":{"line":124,"column":5}},"125":{"start":{"line":126,"column":0},"end":{"line":126,"column":47}},"126":{"start":{"line":127,"column":0},"end":{"line":127,"column":19}},"127":{"start":{"line":128,"column":0},"end":{"line":128,"column":54}},"128":{"start":{"line":129,"column":0},"end":{"line":129,"column":65}},"129":{"start":{"line":130,"column":0},"end":{"line":130,"column":5}},"130":{"start":{"line":131,"column":0},"end":{"line":131,"column":15}},"131":{"start":{"line":132,"column":0},"end":{"line":132,"column":3}},"133":{"start":{"line":134,"column":0},"end":{"line":134,"column":36}},"134":{"start":{"line":135,"column":0},"end":{"line":135,"column":14}},"135":{"start":{"line":136,"column":0},"end":{"line":136,"column":1}},"137":{"start":{"line":138,"column":0},"end":{"line":138,"column":47}},"138":{"start":{"line":139,"column":0},"end":{"line":139,"column":7}},"139":{"start":{"line":140,"column":0},"end":{"line":140,"column":51}},"140":{"start":{"line":141,"column":0},"end":{"line":141,"column":38}},"141":{"start":{"line":142,"column":0},"end":{"line":142,"column":23}},"142":{"start":{"line":143,"column":0},"end":{"line":143,"column":76}},"143":{"start":{"line":144,"column":0},"end":{"line":144,"column":18}},"144":{"start":{"line":145,"column":0},"end":{"line":145,"column":5}},"145":{"start":{"line":146,"column":0},"end":{"line":146,"column":39}},"147":{"start":{"line":148,"column":0},"end":{"line":148,"column":54}},"148":{"start":{"line":149,"column":0},"end":{"line":149,"column":41}},"149":{"start":{"line":150,"column":0},"end":{"line":150,"column":63}},"150":{"start":{"line":151,"column":0},"end":{"line":151,"column":24}},"151":{"start":{"line":152,"column":0},"end":{"line":152,"column":17}},"152":{"start":{"line":153,"column":0},"end":{"line":153,"column":61}},"153":{"start":{"line":154,"column":0},"end":{"line":154,"column":16}},"154":{"start":{"line":155,"column":0},"end":{"line":155,"column":3}},"155":{"start":{"line":156,"column":0},"end":{"line":156,"column":1}},"157":{"start":{"line":158,"column":0},"end":{"line":158,"column":3}},"158":{"start":{"line":159,"column":0},"end":{"line":159,"column":62}},"159":{"start":{"line":160,"column":0},"end":{"line":160,"column":67}},"160":{"start":{"line":161,"column":0},"end":{"line":161,"column":51}},"161":{"start":{"line":162,"column":0},"end":{"line":162,"column":45}},"162":{"start":{"line":163,"column":0},"end":{"line":163,"column":81}},"163":{"start":{"line":164,"column":0},"end":{"line":164,"column":3}},"164":{"start":{"line":165,"column":0},"end":{"line":165,"column":55}},"165":{"start":{"line":166,"column":0},"end":{"line":166,"column":25}},"166":{"start":{"line":167,"column":0},"end":{"line":167,"column":7}},"167":{"start":{"line":168,"column":0},"end":{"line":168,"column":72}},"168":{"start":{"line":169,"column":0},"end":{"line":169,"column":16}},"169":{"start":{"line":170,"column":0},"end":{"line":170,"column":17}},"170":{"start":{"line":171,"column":0},"end":{"line":171,"column":82}},"171":{"start":{"line":172,"column":0},"end":{"line":172,"column":16}},"172":{"start":{"line":173,"column":0},"end":{"line":173,"column":3}},"173":{"start":{"line":174,"column":0},"end":{"line":174,"column":1}},"175":{"start":{"line":176,"column":0},"end":{"line":176,"column":3}},"176":{"start":{"line":177,"column":0},"end":{"line":177,"column":83}},"177":{"start":{"line":178,"column":0},"end":{"line":178,"column":55}},"178":{"start":{"line":179,"column":0},"end":{"line":179,"column":80}},"179":{"start":{"line":180,"column":0},"end":{"line":180,"column":121}},"180":{"start":{"line":181,"column":0},"end":{"line":181,"column":58}},"181":{"start":{"line":182,"column":0},"end":{"line":182,"column":3}},"182":{"start":{"line":183,"column":0},"end":{"line":183,"column":53}},"183":{"start":{"line":184,"column":0},"end":{"line":184,"column":25}},"185":{"start":{"line":186,"column":0},"end":{"line":186,"column":29}},"186":{"start":{"line":187,"column":0},"end":{"line":187,"column":48}},"187":{"start":{"line":188,"column":0},"end":{"line":188,"column":24}},"189":{"start":{"line":190,"column":0},"end":{"line":190,"column":55}},"190":{"start":{"line":191,"column":0},"end":{"line":191,"column":37}},"191":{"start":{"line":192,"column":0},"end":{"line":192,"column":3}},"193":{"start":{"line":194,"column":0},"end":{"line":194,"column":21}},"194":{"start":{"line":195,"column":0},"end":{"line":195,"column":1}},"196":{"start":{"line":197,"column":0},"end":{"line":197,"column":3}},"197":{"start":{"line":198,"column":0},"end":{"line":198,"column":77}},"198":{"start":{"line":199,"column":0},"end":{"line":199,"column":35}},"199":{"start":{"line":200,"column":0},"end":{"line":200,"column":3}},"200":{"start":{"line":201,"column":0},"end":{"line":201,"column":53}},"201":{"start":{"line":202,"column":0},"end":{"line":202,"column":24}},"202":{"start":{"line":203,"column":0},"end":{"line":203,"column":36}},"203":{"start":{"line":204,"column":0},"end":{"line":204,"column":36}},"204":{"start":{"line":205,"column":0},"end":{"line":205,"column":37}},"205":{"start":{"line":206,"column":0},"end":{"line":206,"column":36}},"206":{"start":{"line":207,"column":0},"end":{"line":207,"column":4}},"207":{"start":{"line":208,"column":0},"end":{"line":208,"column":46}},"208":{"start":{"line":209,"column":0},"end":{"line":209,"column":1}}},"s":{"0":1,"1":1,"2":1,"3":1,"5":1,"6":1,"7":1,"8":1,"9":1,"10":1,"11":1,"12":1,"13":1,"14":1,"15":1,"16":1,"17":1,"18":1,"19":1,"20":1,"21":1,"22":1,"23":1,"24":1,"25":1,"26":1,"27":3,"28":3,"29":3,"30":3,"31":3,"32":3,"33":3,"35":1,"36":1,"37":1,"38":1,"39":43,"40":6,"41":6,"42":8,"43":8,"45":8,"46":8,"47":8,"48":8,"49":8,"50":1,"51":1,"52":1,"53":1,"54":1,"56":1,"57":1,"58":1,"59":1,"60":1,"61":0,"62":0,"63":0,"64":0,"65":0,"66":0,"67":1,"68":1,"70":1,"71":1,"72":1,"73":1,"74":0,"75":0,"76":1,"77":1,"78":0,"79":0,"80":0,"81":0,"82":0,"83":8,"84":7,"85":7,"86":7,"87":7,"88":7,"89":8,"90":6,"91":6,"93":43,"94":24,"95":24,"96":11,"97":11,"98":11,"99":11,"100":11,"101":11,"102":9,"103":9,"104":10,"105":1,"106":1,"107":1,"108":8,"109":8,"110":8,"111":10,"112":2,"113":1,"114":1,"115":1,"116":1,"117":1,"118":6,"119":11,"120":2,"121":2,"122":2,"123":11,"125":13,"126":13,"127":13,"128":16,"129":16,"130":13,"131":13,"133":13,"134":13,"135":13,"137":1,"138":4,"139":4,"140":4,"141":4,"142":1,"143":1,"144":1,"145":2,"147":2,"148":2,"149":2,"150":2,"151":2,"152":1,"153":1,"154":1,"155":4,"157":1,"158":1,"159":1,"160":1,"161":1,"162":1,"163":1,"164":1,"165":3,"166":3,"167":3,"168":2,"169":2,"170":1,"171":1,"172":1,"173":3,"175":1,"176":1,"177":1,"178":1,"179":1,"180":1,"181":1,"182":1,"183":1,"185":1,"186":1,"187":1,"189":1,"190":1,"191":1,"193":1,"194":1,"196":1,"197":1,"198":1,"199":1,"200":1,"201":0,"202":0,"203":0,"204":0,"205":0,"206":0,"207":0,"208":0},"branchMap":{"0":{"type":"branch","line":27,"loc":{"start":{"line":27,"column":7},"end":{"line":34,"column":1}},"locations":[{"start":{"line":27,"column":7},"end":{"line":34,"column":1}}]},"1":{"type":"branch","line":28,"loc":{"start":{"line":28,"column":53},"end":{"line":28,"column":58}},"locations":[{"start":{"line":28,"column":53},"end":{"line":28,"column":58}}]},"2":{"type":"branch","line":39,"loc":{"start":{"line":39,"column":7},"end":{"line":136,"column":1}},"locations":[{"start":{"line":39,"column":7},"end":{"line":136,"column":1}}]},"3":{"type":"branch","line":40,"loc":{"start":{"line":40,"column":27},"end":{"line":92,"column":3}},"locations":[{"start":{"line":40,"column":27},"end":{"line":92,"column":3}}]},"4":{"type":"branch","line":42,"loc":{"start":{"line":42,"column":42},"end":{"line":90,"column":5}},"locations":[{"start":{"line":42,"column":42},"end":{"line":90,"column":5}}]},"5":{"type":"branch","line":48,"loc":{"start":{"line":48,"column":55},"end":{"line":48,"column":75}},"locations":[{"start":{"line":48,"column":55},"end":{"line":48,"column":75}}]},"6":{"type":"branch","line":48,"loc":{"start":{"line":48,"column":76},"end":{"line":49,"column":16}},"locations":[{"start":{"line":48,"column":76},"end":{"line":49,"column":16}}]},"7":{"type":"branch","line":49,"loc":{"start":{"line":49,"column":17},"end":{"line":49,"column":48}},"locations":[{"start":{"line":49,"column":17},"end":{"line":49,"column":48}}]},"8":{"type":"branch","line":49,"loc":{"start":{"line":49,"column":49},"end":{"line":49,"column":69}},"locations":[{"start":{"line":49,"column":49},"end":{"line":49,"column":69}}]},"9":{"type":"branch","line":50,"loc":{"start":{"line":50,"column":8},"end":{"line":84,"column":7}},"locations":[{"start":{"line":50,"column":8},"end":{"line":84,"column":7}}]},"10":{"type":"branch","line":55,"loc":{"start":{"line":55,"column":10},"end":{"line":55,"column":40}},"locations":[{"start":{"line":55,"column":10},"end":{"line":55,"column":40}}]},"11":{"type":"branch","line":59,"loc":{"start":{"line":59,"column":24},"end":{"line":59,"column":100}},"locations":[{"start":{"line":59,"column":24},"end":{"line":59,"column":100}}]},"12":{"type":"branch","line":61,"loc":{"start":{"line":61,"column":40},"end":{"line":67,"column":11}},"locations":[{"start":{"line":61,"column":40},"end":{"line":67,"column":11}}]},"13":{"type":"branch","line":74,"loc":{"start":{"line":74,"column":11},"end":{"line":76,"column":11}},"locations":[{"start":{"line":74,"column":11},"end":{"line":76,"column":11}}]},"14":{"type":"branch","line":78,"loc":{"start":{"line":78,"column":10},"end":{"line":83,"column":9}},"locations":[{"start":{"line":78,"column":10},"end":{"line":83,"column":9}}]},"15":{"type":"branch","line":84,"loc":{"start":{"line":84,"column":7},"end":{"line":89,"column":7}},"locations":[{"start":{"line":84,"column":7},"end":{"line":89,"column":7}}]},"16":{"type":"branch","line":92,"loc":{"start":{"line":92,"column":2},"end":{"line":94,"column":38}},"locations":[{"start":{"line":92,"column":2},"end":{"line":94,"column":38}}]},"17":{"type":"branch","line":94,"loc":{"start":{"line":94,"column":11},"end":{"line":94,"column":38}},"locations":[{"start":{"line":94,"column":11},"end":{"line":94,"column":38}}]},"18":{"type":"branch","line":94,"loc":{"start":{"line":94,"column":40},"end":{"line":132,"column":3}},"locations":[{"start":{"line":94,"column":40},"end":{"line":132,"column":3}}]},"19":{"type":"branch","line":96,"loc":{"start":{"line":96,"column":64},"end":{"line":124,"column":5}},"locations":[{"start":{"line":96,"column":64},"end":{"line":124,"column":5}}]},"20":{"type":"branch","line":98,"loc":{"start":{"line":98,"column":8},"end":{"line":98,"column":26}},"locations":[{"start":{"line":98,"column":8},"end":{"line":98,"column":26}}]},"21":{"type":"branch","line":99,"loc":{"start":{"line":99,"column":8},"end":{"line":99,"column":32}},"locations":[{"start":{"line":99,"column":8},"end":{"line":99,"column":32}}]},"22":{"type":"branch","line":102,"loc":{"start":{"line":102,"column":22},"end":{"line":102,"column":79}},"locations":[{"start":{"line":102,"column":22},"end":{"line":102,"column":79}}]},"23":{"type":"branch","line":102,"loc":{"start":{"line":102,"column":78},"end":{"line":120,"column":8}},"locations":[{"start":{"line":102,"column":78},"end":{"line":120,"column":8}}]},"24":{"type":"branch","line":102,"loc":{"start":{"line":102,"column":78},"end":{"line":105,"column":38}},"locations":[{"start":{"line":102,"column":78},"end":{"line":105,"column":38}}]},"25":{"type":"branch","line":105,"loc":{"start":{"line":105,"column":38},"end":{"line":108,"column":9}},"locations":[{"start":{"line":105,"column":38},"end":{"line":108,"column":9}}]},"26":{"type":"branch","line":108,"loc":{"start":{"line":108,"column":8},"end":{"line":112,"column":24}},"locations":[{"start":{"line":108,"column":8},"end":{"line":112,"column":24}}]},"27":{"type":"branch","line":112,"loc":{"start":{"line":112,"column":24},"end":{"line":118,"column":9}},"locations":[{"start":{"line":112,"column":24},"end":{"line":118,"column":9}}]},"28":{"type":"branch","line":113,"loc":{"start":{"line":113,"column":47},"end":{"line":118,"column":9}},"locations":[{"start":{"line":113,"column":47},"end":{"line":118,"column":9}}]},"29":{"type":"branch","line":118,"loc":{"start":{"line":118,"column":8},"end":{"line":120,"column":8}},"locations":[{"start":{"line":118,"column":8},"end":{"line":120,"column":8}}]},"30":{"type":"branch","line":120,"loc":{"start":{"line":120,"column":8},"end":{"line":123,"column":7}},"locations":[{"start":{"line":120,"column":8},"end":{"line":123,"column":7}}]},"31":{"type":"branch","line":124,"loc":{"start":{"line":124,"column":4},"end":{"line":132,"column":3}},"locations":[{"start":{"line":124,"column":4},"end":{"line":132,"column":3}}]},"32":{"type":"branch","line":128,"loc":{"start":{"line":128,"column":53},"end":{"line":130,"column":5}},"locations":[{"start":{"line":128,"column":53},"end":{"line":130,"column":5}}]},"33":{"type":"branch","line":132,"loc":{"start":{"line":132,"column":2},"end":{"line":136,"column":1}},"locations":[{"start":{"line":132,"column":2},"end":{"line":136,"column":1}}]},"34":{"type":"branch","line":138,"loc":{"start":{"line":138,"column":7},"end":{"line":156,"column":1}},"locations":[{"start":{"line":138,"column":7},"end":{"line":156,"column":1}}]},"35":{"type":"branch","line":141,"loc":{"start":{"line":141,"column":37},"end":{"line":142,"column":22}},"locations":[{"start":{"line":141,"column":37},"end":{"line":142,"column":22}}]},"36":{"type":"branch","line":142,"loc":{"start":{"line":142,"column":22},"end":{"line":155,"column":3}},"locations":[{"start":{"line":142,"column":22},"end":{"line":155,"column":3}}]},"37":{"type":"branch","line":142,"loc":{"start":{"line":142,"column":22},"end":{"line":145,"column":5}},"locations":[{"start":{"line":142,"column":22},"end":{"line":145,"column":5}}]},"38":{"type":"branch","line":152,"loc":{"start":{"line":152,"column":4},"end":{"line":155,"column":3}},"locations":[{"start":{"line":152,"column":4},"end":{"line":155,"column":3}}]},"39":{"type":"branch","line":165,"loc":{"start":{"line":165,"column":7},"end":{"line":174,"column":1}},"locations":[{"start":{"line":165,"column":7},"end":{"line":174,"column":1}}]},"40":{"type":"branch","line":166,"loc":{"start":{"line":166,"column":13},"end":{"line":166,"column":25}},"locations":[{"start":{"line":166,"column":13},"end":{"line":166,"column":25}}]},"41":{"type":"branch","line":168,"loc":{"start":{"line":168,"column":71},"end":{"line":173,"column":3}},"locations":[{"start":{"line":168,"column":71},"end":{"line":173,"column":3}}]},"42":{"type":"branch","line":170,"loc":{"start":{"line":170,"column":4},"end":{"line":173,"column":3}},"locations":[{"start":{"line":170,"column":4},"end":{"line":173,"column":3}}]},"43":{"type":"branch","line":183,"loc":{"start":{"line":183,"column":7},"end":{"line":195,"column":1}},"locations":[{"start":{"line":183,"column":7},"end":{"line":195,"column":1}}]},"44":{"type":"branch","line":188,"loc":{"start":{"line":188,"column":15},"end":{"line":188,"column":24}},"locations":[{"start":{"line":188,"column":15},"end":{"line":188,"column":24}}]}},"b":{"0":[3],"1":[0],"2":[43],"3":[6],"4":[8],"5":[1],"6":[1],"7":[1],"8":[1],"9":[1],"10":[0],"11":[0],"12":[0],"13":[0],"14":[0],"15":[7],"16":[37],"17":[36],"18":[24],"19":[11],"20":[7],"21":[4],"22":[2],"23":[10],"24":[9],"25":[1],"26":[8],"27":[2],"28":[1],"29":[6],"30":[2],"31":[13],"32":[16],"33":[13],"34":[4],"35":[3],"36":[2],"37":[1],"38":[1],"39":[3],"40":[0],"41":[2],"42":[1],"43":[1],"44":[0]},"fnMap":{"0":{"name":"deriveBasePath","decl":{"start":{"line":27,"column":7},"end":{"line":34,"column":1}},"loc":{"start":{"line":27,"column":7},"end":{"line":34,"column":1}},"line":27},"1":{"name":"resolveIncludes","decl":{"start":{"line":39,"column":7},"end":{"line":136,"column":1}},"loc":{"start":{"line":39,"column":7},"end":{"line":136,"column":1}},"line":39},"2":{"name":"fetchGeneratorSpec","decl":{"start":{"line":138,"column":7},"end":{"line":156,"column":1}},"loc":{"start":{"line":138,"column":7},"end":{"line":156,"column":1}},"line":138},"3":{"name":"registerGenerator","decl":{"start":{"line":165,"column":7},"end":{"line":174,"column":1}},"loc":{"start":{"line":165,"column":7},"end":{"line":174,"column":1}},"line":165},"4":{"name":"loadGenerators","decl":{"start":{"line":183,"column":7},"end":{"line":195,"column":1}},"loc":{"start":{"line":183,"column":7},"end":{"line":195,"column":1}},"line":183},"5":{"name":"loadDefaultGenerators","decl":{"start":{"line":201,"column":7},"end":{"line":209,"column":1}},"loc":{"start":{"line":201,"column":7},"end":{"line":209,"column":1}},"line":201}},"f":{"0":3,"1":43,"2":4,"3":3,"4":1,"5":0}}
,"/Users/brianbehm/CascadeProjects/randomizer/src/ui/query.js": {"path":"/Users/brianbehm/CascadeProjects/randomizer/src/ui/query.js","all":false,"statementMap":{"0":{"start":{"line":1,"column":0},"end":{"line":1,"column":76}},"1":{"start":{"line":2,"column":0},"end":{"line":2,"column":44}},"2":{"start":{"line":3,"column":0},"end":{"line":3,"column":43}},"4":{"start":{"line":5,"column":0},"end":{"line":5,"column":45}},"5":{"start":{"line":6,"column":0},"end":{"line":6,"column":51}},"6":{"start":{"line":7,"column":0},"end":{"line":7,"column":55}},"7":{"start":{"line":8,"column":0},"end":{"line":8,"column":1}}},"s":{"0":1,"1":1,"2":1,"4":1,"5":3,"6":3,"7":3},"branchMap":{"0":{"type":"branch","line":5,"loc":{"start":{"line":5,"column":7},"end":{"line":8,"column":1}},"locations":[{"start":{"line":5,"column":7},"end":{"line":8,"column":1}}]},"1":{"type":"branch","line":6,"loc":{"start":{"line":6,"column":39},"end":{"line":6,"column":51}},"locations":[{"start":{"line":6,"column":39},"end":{"line":6,"column":51}}]}},"b":{"0":[3],"1":[0]},"fnMap":{"0":{"name":"q","decl":{"start":{"line":5,"column":7},"end":{"line":8,"column":1}},"loc":{"start":{"line":5,"column":7},"end":{"line":8,"column":1}},"line":5}},"f":{"0":3}}
,"/Users/brianbehm/CascadeProjects/randomizer/src/utils/logger.js": {"path":"/Users/brianbehm/CascadeProjects/randomizer/src/utils/logger.js","all":false,"statementMap":{"0":{"start":{"line":1,"column":0},"end":{"line":1,"column":49}},"1":{"start":{"line":2,"column":0},"end":{"line":2,"column":87}},"3":{"start":{"line":4,"column":0},"end":{"line":4,"column":52}},"5":{"start":{"line":6,"column":0},"end":{"line":6,"column":33}},"6":{"start":{"line":7,"column":0},"end":{"line":7,"column":17}},"7":{"start":{"line":8,"column":0},"end":{"line":8,"column":1}},"9":{"start":{"line":10,"column":0},"end":{"line":10,"column":30}},"10":{"start":{"line":11,"column":0},"end":{"line":11,"column":44}},"11":{"start":{"line":12,"column":0},"end":{"line":12,"column":1}},"13":{"start":{"line":14,"column":0},"end":{"line":14,"column":31}},"14":{"start":{"line":15,"column":0},"end":{"line":15,"column":46}},"15":{"start":{"line":16,"column":0},"end":{"line":16,"column":1}},"17":{"start":{"line":18,"column":0},"end":{"line":18,"column":32}},"18":{"start":{"line":19,"column":0},"end":{"line":19,"column":48}},"19":{"start":{"line":20,"column":0},"end":{"line":20,"column":1}}},"s":{"0":1,"1":1,"3":1,"5":1,"6":2,"7":2,"9":1,"10":2,"11":2,"13":1,"14":2,"15":2,"17":1,"18":2,"19":2},"branchMap":{"0":{"type":"branch","line":6,"loc":{"start":{"line":6,"column":7},"end":{"line":8,"column":1}},"locations":[{"start":{"line":6,"column":7},"end":{"line":8,"column":1}}]},"1":{"type":"branch","line":10,"loc":{"start":{"line":10,"column":7},"end":{"line":12,"column":1}},"locations":[{"start":{"line":10,"column":7},"end":{"line":12,"column":1}}]},"2":{"type":"branch","line":11,"loc":{"start":{"line":11,"column":14},"end":{"line":11,"column":44}},"locations":[{"start":{"line":11,"column":14},"end":{"line":11,"column":44}}]},"3":{"type":"branch","line":14,"loc":{"start":{"line":14,"column":7},"end":{"line":16,"column":1}},"locations":[{"start":{"line":14,"column":7},"end":{"line":16,"column":1}}]},"4":{"type":"branch","line":15,"loc":{"start":{"line":15,"column":14},"end":{"line":15,"column":46}},"locations":[{"start":{"line":15,"column":14},"end":{"line":15,"column":46}}]},"5":{"type":"branch","line":18,"loc":{"start":{"line":18,"column":7},"end":{"line":20,"column":1}},"locations":[{"start":{"line":18,"column":7},"end":{"line":20,"column":1}}]},"6":{"type":"branch","line":19,"loc":{"start":{"line":19,"column":14},"end":{"line":19,"column":48}},"locations":[{"start":{"line":19,"column":14},"end":{"line":19,"column":48}}]}},"b":{"0":[2],"1":[2],"2":[1],"3":[2],"4":[1],"5":[2],"6":[1]},"fnMap":{"0":{"name":"__setDev","decl":{"start":{"line":6,"column":7},"end":{"line":8,"column":1}},"loc":{"start":{"line":6,"column":7},"end":{"line":8,"column":1}},"line":6},"1":{"name":"log","decl":{"start":{"line":10,"column":7},"end":{"line":12,"column":1}},"loc":{"start":{"line":10,"column":7},"end":{"line":12,"column":1}},"line":10},"2":{"name":"warn","decl":{"start":{"line":14,"column":7},"end":{"line":16,"column":1}},"loc":{"start":{"line":14,"column":7},"end":{"line":16,"column":1}},"line":14},"3":{"name":"error","decl":{"start":{"line":18,"column":7},"end":{"line":20,"column":1}},"loc":{"start":{"line":18,"column":7},"end":{"line":20,"column":1}},"line":18}},"f":{"0":2,"1":2,"2":2,"3":2}}
}
